<?xml version="1.0" encoding="UTF-8" ?>
<testsuite tests="6" failures="0" name="setupClass.TestRunner" time="0.005" errors="0" skipped="0">
  <properties>
[...]
</properties>
  <testcase classname="Scenario: Slidetech login functionality" name="Given User is already on Sign in page" time="0.004"/>
  <testcase classname="Scenario: Slidetech login functionality" name="Then user enter username" time="0"/>
  <testcase classname="Scenario: Slidetech login functionality" name="Then user enter password" time="0"/>
  <testcase classname="Scenario: Slidetech login functionality" name="Then user clicks on Login button" time="0"/>
  <testcase classname="Scenario: Slidetech login functionality" name="Then user in on pricing page" time="0"/>
  <testcase classname="Scenario: Slidetech login functionality" name="Scenario: Slidetech login functionality" time="0.001"/>
</testsuite>